This file contains any messages produced by compilers while
running configure, to aid debugging if configure makes a mistake.

It was created by configure, which was
generated by GNU Autoconf 2.64.  Invocation command line was

  $ ../../src/gdb-7.9.1/configure --prefix=/home/cs301/pintos/toolchain/x86_64 --target=i386-elf --disable-werror

## --------- ##
## Platform. ##
## --------- ##

hostname = cs301
uname -m = x86_64
uname -r = 5.4.0-122-generic
uname -s = Linux
uname -v = #138~18.04.1-Ubuntu SMP Fri Jun 24 14:14:03 UTC 2022

/usr/bin/uname -p = unknown
/bin/uname -X     = unknown

/bin/arch              = unknown
/usr/bin/arch -k       = unknown
/usr/convex/getsysinfo = unknown
/usr/bin/hostinfo      = unknown
/bin/machine           = unknown
/usr/bin/oslevel       = unknown
/bin/universe          = unknown

PATH: /home/cs301/pintos/toolchain/x86_64/bin
PATH: /usr/local/sbin
PATH: /usr/local/bin
PATH: /usr/sbin
PATH: /usr/bin
PATH: /sbin
PATH: /bin
PATH: /usr/games
PATH: /usr/local/games
PATH: /snap/bin


## ----------- ##
## Core tests. ##
## ----------- ##

configure:2326: checking build system type
configure:2340: result: x86_64-unknown-linux-gnu
configure:2387: checking host system type
configure:2400: result: x86_64-unknown-linux-gnu
configure:2420: checking target system type
configure:2433: result: i386-pc-elf
configure:2487: checking for a BSD-compatible install
configure:2555: result: /usr/bin/install -c
configure:2566: checking whether ln works
configure:2588: result: yes
configure:2592: checking whether ln -s works
configure:2596: result: yes
configure:2603: checking for a sed that does not truncate output
configure:2667: result: /bin/sed
configure:2676: checking for gawk
configure:2706: result: no
configure:2676: checking for mawk
configure:2692: found /usr/bin/mawk
configure:2703: result: mawk
configure:3985: checking for gcc
configure:4001: found /usr/bin/gcc
configure:4012: result: gcc
configure:4241: checking for C compiler version
configure:4250: gcc --version >&5
gcc (Ubuntu 7.5.0-3ubuntu1~18.04) 7.5.0
Copyright (C) 2017 Free Software Foundation, Inc.
This is free software; see the source for copying conditions.  There is NO
warranty; not even for MERCHANTABILITY or FITNESS FOR A PARTICULAR PURPOSE.

configure:4261: $? = 0
configure:4250: gcc -v >&5
Using built-in specs.
COLLECT_GCC=gcc
COLLECT_LTO_WRAPPER=/usr/lib/gcc/x86_64-linux-gnu/7/lto-wrapper
OFFLOAD_TARGET_NAMES=nvptx-none
OFFLOAD_TARGET_DEFAULT=1
Target: x86_64-linux-gnu
Configured with: ../src/configure -v --with-pkgversion='Ubuntu 7.5.0-3ubuntu1~18.04' --with-bugurl=file:///usr/share/doc/gcc-7/README.Bugs --enable-languages=c,ada,c++,go,brig,d,fortran,objc,obj-c++ --prefix=/usr --with-gcc-major-version-only --program-suffix=-7 --program-prefix=x86_64-linux-gnu- --enable-shared --enable-linker-build-id --libexecdir=/usr/lib --without-included-gettext --enable-threads=posix --libdir=/usr/lib --enable-nls --enable-bootstrap --enable-clocale=gnu --enable-libstdcxx-debug --enable-libstdcxx-time=yes --with-default-libstdcxx-abi=new --enable-gnu-unique-object --disable-vtable-verify --enable-libmpx --enable-plugin --enable-default-pie --with-system-zlib --with-target-system-zlib --enable-objc-gc=auto --enable-multiarch --disable-werror --with-arch-32=i686 --with-abi=m64 --with-multilib-list=m32,m64,mx32 --enable-multilib --with-tune=generic --enable-offload-targets=nvptx-none --without-cuda-driver --enable-checking=release --build=x86_64-linux-gnu --host=x86_64-linux-gnu --target=x86_64-linux-gnu
Thread model: posix
gcc version 7.5.0 (Ubuntu 7.5.0-3ubuntu1~18.04) 
configure:4261: $? = 0
configure:4250: gcc -V >&5
gcc: error: unrecognized command line option '-V'
gcc: fatal error: no input files
compilation terminated.
configure:4261: $? = 1
configure:4250: gcc -qversion >&5
gcc: error: unrecognized command line option '-qversion'; did you mean '--version'?
gcc: fatal error: no input files
compilation terminated.
configure:4261: $? = 1
configure:4281: checking for C compiler default output file name
configure:4303: gcc    conftest.c  >&5
configure:4307: $? = 0
configure:4344: result: a.out
configure:4360: checking whether the C compiler works
configure:4369: ./a.out
configure:4373: $? = 0
configure:4388: result: yes
configure:4395: checking whether we are cross compiling
configure:4397: result: no
configure:4400: checking for suffix of executables
configure:4407: gcc -o conftest    conftest.c  >&5
configure:4411: $? = 0
configure:4433: result: 
configure:4439: checking for suffix of object files
configure:4461: gcc -c   conftest.c >&5
configure:4465: $? = 0
configure:4486: result: o
configure:4490: checking whether we are using the GNU C compiler
configure:4509: gcc -c   conftest.c >&5
configure:4509: $? = 0
configure:4518: result: yes
configure:4527: checking whether gcc accepts -g
configure:4547: gcc -c -g  conftest.c >&5
configure:4547: $? = 0
configure:4588: result: yes
configure:4605: checking for gcc option to accept ISO C89
configure:4669: gcc  -c -g -O2  conftest.c >&5
configure:4669: $? = 0
configure:4682: result: none needed
configure:4760: checking for g++
configure:4776: found /usr/bin/g++
configure:4787: result: g++
configure:4814: checking for C++ compiler version
configure:4823: g++ --version >&5
g++ (Ubuntu 7.5.0-3ubuntu1~18.04) 7.5.0
Copyright (C) 2017 Free Software Foundation, Inc.
This is free software; see the source for copying conditions.  There is NO
warranty; not even for MERCHANTABILITY or FITNESS FOR A PARTICULAR PURPOSE.

configure:4834: $? = 0
configure:4823: g++ -v >&5
Using built-in specs.
COLLECT_GCC=g++
COLLECT_LTO_WRAPPER=/usr/lib/gcc/x86_64-linux-gnu/7/lto-wrapper
OFFLOAD_TARGET_NAMES=nvptx-none
OFFLOAD_TARGET_DEFAULT=1
Target: x86_64-linux-gnu
Configured with: ../src/configure -v --with-pkgversion='Ubuntu 7.5.0-3ubuntu1~18.04' --with-bugurl=file:///usr/share/doc/gcc-7/README.Bugs --enable-languages=c,ada,c++,go,brig,d,fortran,objc,obj-c++ --prefix=/usr --with-gcc-major-version-only --program-suffix=-7 --program-prefix=x86_64-linux-gnu- --enable-shared --enable-linker-build-id --libexecdir=/usr/lib --without-included-gettext --enable-threads=posix --libdir=/usr/lib --enable-nls --enable-bootstrap --enable-clocale=gnu --enable-libstdcxx-debug --enable-libstdcxx-time=yes --with-default-libstdcxx-abi=new --enable-gnu-unique-object --disable-vtable-verify --enable-libmpx --enable-plugin --enable-default-pie --with-system-zlib --with-target-system-zlib --enable-objc-gc=auto --enable-multiarch --disable-werror --with-arch-32=i686 --with-abi=m64 --with-multilib-list=m32,m64,mx32 --enable-multilib --with-tune=generic --enable-offload-targets=nvptx-none --without-cuda-driver --enable-checking=release --build=x86_64-linux-gnu --host=x86_64-linux-gnu --target=x86_64-linux-gnu
Thread model: posix
gcc version 7.5.0 (Ubuntu 7.5.0-3ubuntu1~18.04) 
configure:4834: $? = 0
configure:4823: g++ -V >&5
g++: error: unrecognized command line option '-V'
g++: fatal error: no input files
compilation terminated.
configure:4834: $? = 1
configure:4823: g++ -qversion >&5
g++: error: unrecognized command line option '-qversion'; did you mean '--version'?
g++: fatal error: no input files
compilation terminated.
configure:4834: $? = 1
configure:4838: checking whether we are using the GNU C++ compiler
configure:4857: g++ -c   conftest.cpp >&5
configure:4857: $? = 0
configure:4866: result: yes
configure:4875: checking whether g++ accepts -g
configure:4895: g++ -c -g  conftest.cpp >&5
configure:4895: $? = 0
configure:4936: result: yes
configure:4985: checking whether g++ accepts -static-libstdc++ -static-libgcc
configure:5002: g++ -o conftest -g -O2   -static-libstdc++ -static-libgcc conftest.cpp  >&5
configure:5002: $? = 0
configure:5003: result: yes
configure:5067: checking for gnatbind
configure:5097: result: no
configure:5159: checking for gnatmake
configure:5189: result: no
configure:5208: checking whether compiler driver understands Ada
configure:5231: result: no
configure:5240: checking how to compare bootstrapped objects
configure:5265: result: cmp --ignore-initial=16 $$f1 $$f2
configure:5319: checking for objdir
configure:5334: result: .libs
configure:5906: checking for version 0.10 of ISL
configure:5925: gcc -o conftest -g -O2      conftest.c  -lisl >&5
conftest.c:10:10: fatal error: isl/version.h: No such file or directory
 #include <isl/version.h>
          ^~~~~~~~~~~~~~~
compilation terminated.
configure:5925: $? = 1
configure: program exited with status 1
configure: failed program was:
| /* confdefs.h */
| #define PACKAGE_NAME ""
| #define PACKAGE_TARNAME ""
| #define PACKAGE_VERSION ""
| #define PACKAGE_STRING ""
| #define PACKAGE_BUGREPORT ""
| #define PACKAGE_URL ""
| #define LT_OBJDIR ".libs/"
| /* end confdefs.h.  */
| #include <isl/version.h>
|    #include <string.h>
| int
| main ()
| {
| if (strncmp (isl_version (), "isl-0.10", strlen ("isl-0.10")) != 0)
|      return 1;
| 
|   ;
|   return 0;
| }
configure:5934: result: no
configure:5954: checking for version 0.11 of ISL
configure:5973: gcc -o conftest -g -O2      conftest.c  -lisl >&5
conftest.c:10:10: fatal error: isl/version.h: No such file or directory
 #include <isl/version.h>
          ^~~~~~~~~~~~~~~
compilation terminated.
configure:5973: $? = 1
configure: program exited with status 1
configure: failed program was:
| /* confdefs.h */
| #define PACKAGE_NAME ""
| #define PACKAGE_TARNAME ""
| #define PACKAGE_VERSION ""
| #define PACKAGE_STRING ""
| #define PACKAGE_BUGREPORT ""
| #define PACKAGE_URL ""
| #define LT_OBJDIR ".libs/"
| /* end confdefs.h.  */
| #include <isl/version.h>
|    #include <string.h>
| int
| main ()
| {
| if (strncmp (isl_version (), "isl-0.11", strlen ("isl-0.11")) != 0)
|      return 1;
| 
|   ;
|   return 0;
| }
configure:5982: result: no
configure:6002: checking for version 0.12 of ISL
configure:6021: gcc -o conftest -g -O2      conftest.c  -lisl >&5
conftest.c:10:10: fatal error: isl/version.h: No such file or directory
 #include <isl/version.h>
          ^~~~~~~~~~~~~~~
compilation terminated.
configure:6021: $? = 1
configure: program exited with status 1
configure: failed program was:
| /* confdefs.h */
| #define PACKAGE_NAME ""
| #define PACKAGE_TARNAME ""
| #define PACKAGE_VERSION ""
| #define PACKAGE_STRING ""
| #define PACKAGE_BUGREPORT ""
| #define PACKAGE_URL ""
| #define LT_OBJDIR ".libs/"
| /* end confdefs.h.  */
| #include <isl/version.h>
|    #include <string.h>
| int
| main ()
| {
| if (strncmp (isl_version (), "isl-0.12", strlen ("isl-0.12")) != 0)
|      return 1;
| 
|   ;
|   return 0;
| }
configure:6030: result: no
configure:7127: checking for default BUILD_CONFIG
configure:7159: result: 
configure:7164: checking for --enable-vtable-verify
configure:7177: result: no
configure:7766: checking for bison
configure:7796: result: no
configure:7766: checking for byacc
configure:7796: result: no
configure:7766: checking for yacc
configure:7796: result: no
configure:7813: checking for bison
configure:7843: result: no
configure:7860: checking for gm4
configure:7890: result: no
configure:7860: checking for gnum4
configure:7890: result: no
configure:7860: checking for m4
configure:7876: found /usr/bin/m4
configure:7887: result: m4
configure:7907: checking for flex
configure:7937: result: no
configure:7907: checking for lex
configure:7937: result: no
configure:7955: checking for flex
configure:7985: result: no
configure:8002: checking for makeinfo
configure:8018: found /usr/bin/makeinfo
configure:8029: result: makeinfo
configure:8063: checking for expect
configure:8093: result: no
configure:8112: checking for runtest
configure:8142: result: no
configure:8257: checking for ar
configure:8273: found /usr/bin/ar
configure:8284: result: ar
configure:8398: checking for as
configure:8414: found /usr/bin/as
configure:8425: result: as
configure:8539: checking for dlltool
configure:8569: result: no
configure:8680: checking for ld
configure:8696: found /usr/bin/ld
configure:8707: result: ld
configure:8821: checking for lipo
configure:8851: result: no
configure:8962: checking for nm
configure:8978: found /usr/bin/nm
configure:8989: result: nm
configure:9103: checking for ranlib
configure:9119: found /usr/bin/ranlib
configure:9130: result: ranlib
configure:9239: checking for strip
configure:9255: found /usr/bin/strip
configure:9266: result: strip
configure:9375: checking for windres
configure:9405: result: no
configure:9516: checking for windmc
configure:9546: result: no
configure:9657: checking for objcopy
configure:9673: found /usr/bin/objcopy
configure:9684: result: objcopy
configure:9798: checking for objdump
configure:9814: found /usr/bin/objdump
configure:9825: result: objdump
configure:9939: checking for readelf
configure:9955: found /usr/bin/readelf
configure:9966: result: readelf
configure:10080: checking for i386-elf-cc
configure:10110: result: no
configure:10080: checking for i386-elf-gcc
configure:10096: found /home/cs301/pintos/toolchain/x86_64/bin/i386-elf-gcc
configure:10107: result: i386-elf-gcc
configure:10241: checking for i386-elf-c++
configure:10257: found /home/cs301/pintos/toolchain/x86_64/bin/i386-elf-c++
configure:10268: result: i386-elf-c++
configure:10402: checking for i386-elf-gcc
configure:10418: found /home/cs301/pintos/toolchain/x86_64/bin/i386-elf-gcc
configure:10429: result: i386-elf-gcc
configure:10558: checking for i386-elf-gcj
configure:10588: result: no
configure:10719: checking for i386-elf-gfortran
configure:10749: result: no
configure:10880: checking for i386-elf-gccgo
configure:10910: result: no
configure:11121: checking for i386-elf-ar
configure:11137: found /home/cs301/pintos/toolchain/x86_64/bin/i386-elf-ar
configure:11148: result: i386-elf-ar
configure:11351: checking for i386-elf-as
configure:11367: found /home/cs301/pintos/toolchain/x86_64/bin/i386-elf-as
configure:11378: result: i386-elf-as
configure:11581: checking for i386-elf-dlltool
configure:11611: result: no
configure:11811: checking for i386-elf-ld
configure:11827: found /home/cs301/pintos/toolchain/x86_64/bin/i386-elf-ld
configure:11838: result: i386-elf-ld
configure:12041: checking for i386-elf-lipo
configure:12071: result: no
configure:12271: checking for i386-elf-nm
configure:12287: found /home/cs301/pintos/toolchain/x86_64/bin/i386-elf-nm
configure:12298: result: i386-elf-nm
configure:12501: checking for i386-elf-objcopy
configure:12517: found /home/cs301/pintos/toolchain/x86_64/bin/i386-elf-objcopy
configure:12528: result: i386-elf-objcopy
configure:12731: checking for i386-elf-objdump
configure:12747: found /home/cs301/pintos/toolchain/x86_64/bin/i386-elf-objdump
configure:12758: result: i386-elf-objdump
configure:12961: checking for i386-elf-ranlib
configure:12977: found /home/cs301/pintos/toolchain/x86_64/bin/i386-elf-ranlib
configure:12988: result: i386-elf-ranlib
configure:13191: checking for i386-elf-readelf
configure:13207: found /home/cs301/pintos/toolchain/x86_64/bin/i386-elf-readelf
configure:13218: result: i386-elf-readelf
configure:13421: checking for i386-elf-strip
configure:13437: found /home/cs301/pintos/toolchain/x86_64/bin/i386-elf-strip
configure:13448: result: i386-elf-strip
configure:13651: checking for i386-elf-windres
configure:13681: result: no
configure:13881: checking for i386-elf-windmc
configure:13911: result: no
configure:13978: checking where to find the target ar
configure:14015: result: pre-installed
configure:14020: checking where to find the target as
configure:14057: result: pre-installed
configure:14062: checking where to find the target cc
configure:14099: result: pre-installed
configure:14104: checking where to find the target c++
configure:14144: result: pre-installed
configure:14149: checking where to find the target c++ for libstdc++
configure:14189: result: pre-installed
configure:14194: checking where to find the target dlltool
configure:14231: result: pre-installed
configure:14236: checking where to find the target gcc
configure:14273: result: pre-installed
configure:14278: checking where to find the target gcj
configure:14318: result: pre-installed
configure:14323: checking where to find the target gfortran
configure:14363: result: pre-installed
configure:14368: checking where to find the target gccgo
configure:14408: result: pre-installed
configure:14413: checking where to find the target ld
configure:14450: result: pre-installed
configure:14455: checking where to find the target lipo
configure:14481: result: pre-installed
configure:14486: checking where to find the target nm
configure:14523: result: pre-installed
configure:14528: checking where to find the target objcopy
configure:14565: result: pre-installed
configure:14570: checking where to find the target objdump
configure:14607: result: pre-installed
configure:14612: checking where to find the target ranlib
configure:14649: result: pre-installed
configure:14654: checking where to find the target readelf
configure:14691: result: pre-installed
configure:14696: checking where to find the target strip
configure:14733: result: pre-installed
configure:14738: checking where to find the target windres
configure:14775: result: pre-installed
configure:14780: checking where to find the target windmc
configure:14817: result: pre-installed
configure:14850: checking whether to enable maintainer-specific portions of Makefiles
configure:14859: result: no
configure:15080: creating ./config.status

## ---------------------- ##
## Running config.status. ##
## ---------------------- ##

This file was extended by config.status, which was
generated by GNU Autoconf 2.64.  Invocation command line was

  CONFIG_FILES    = 
  CONFIG_HEADERS  = 
  CONFIG_LINKS    = 
  CONFIG_COMMANDS = 
  $ ./config.status 

on cs301

config.status:938: creating Makefile

## ---------------- ##
## Cache variables. ##
## ---------------- ##

ac_cv_build=x86_64-unknown-linux-gnu
ac_cv_c_compiler_gnu=yes
ac_cv_cxx_compiler_gnu=yes
ac_cv_env_AR_FOR_TARGET_set=
ac_cv_env_AR_FOR_TARGET_value=
ac_cv_env_AR_set=
ac_cv_env_AR_value=
ac_cv_env_AS_FOR_TARGET_set=
ac_cv_env_AS_FOR_TARGET_value=
ac_cv_env_AS_set=
ac_cv_env_AS_value=
ac_cv_env_CCC_set=
ac_cv_env_CCC_value=
ac_cv_env_CC_FOR_TARGET_set=
ac_cv_env_CC_FOR_TARGET_value=
ac_cv_env_CC_set=
ac_cv_env_CC_value=
ac_cv_env_CFLAGS_set=
ac_cv_env_CFLAGS_value=
ac_cv_env_CPPFLAGS_set=
ac_cv_env_CPPFLAGS_value=
ac_cv_env_CXXFLAGS_set=
ac_cv_env_CXXFLAGS_value=
ac_cv_env_CXX_FOR_TARGET_set=
ac_cv_env_CXX_FOR_TARGET_value=
ac_cv_env_CXX_set=
ac_cv_env_CXX_value=
ac_cv_env_DLLTOOL_FOR_TARGET_set=
ac_cv_env_DLLTOOL_FOR_TARGET_value=
ac_cv_env_DLLTOOL_set=
ac_cv_env_DLLTOOL_value=
ac_cv_env_GCC_FOR_TARGET_set=
ac_cv_env_GCC_FOR_TARGET_value=
ac_cv_env_GCJ_FOR_TARGET_set=
ac_cv_env_GCJ_FOR_TARGET_value=
ac_cv_env_GFORTRAN_FOR_TARGET_set=
ac_cv_env_GFORTRAN_FOR_TARGET_value=
ac_cv_env_GOC_FOR_TARGET_set=
ac_cv_env_GOC_FOR_TARGET_value=
ac_cv_env_LDFLAGS_set=
ac_cv_env_LDFLAGS_value=
ac_cv_env_LD_FOR_TARGET_set=
ac_cv_env_LD_FOR_TARGET_value=
ac_cv_env_LD_set=
ac_cv_env_LD_value=
ac_cv_env_LIBS_set=
ac_cv_env_LIBS_value=
ac_cv_env_LIPO_FOR_TARGET_set=
ac_cv_env_LIPO_FOR_TARGET_value=
ac_cv_env_LIPO_set=
ac_cv_env_LIPO_value=
ac_cv_env_NM_FOR_TARGET_set=
ac_cv_env_NM_FOR_TARGET_value=
ac_cv_env_NM_set=
ac_cv_env_NM_value=
ac_cv_env_OBJCOPY_FOR_TARGET_set=
ac_cv_env_OBJCOPY_FOR_TARGET_value=
ac_cv_env_OBJCOPY_set=
ac_cv_env_OBJCOPY_value=
ac_cv_env_OBJDUMP_FOR_TARGET_set=
ac_cv_env_OBJDUMP_FOR_TARGET_value=
ac_cv_env_OBJDUMP_set=
ac_cv_env_OBJDUMP_value=
ac_cv_env_RANLIB_FOR_TARGET_set=
ac_cv_env_RANLIB_FOR_TARGET_value=
ac_cv_env_RANLIB_set=
ac_cv_env_RANLIB_value=
ac_cv_env_READELF_FOR_TARGET_set=
ac_cv_env_READELF_FOR_TARGET_value=
ac_cv_env_READELF_set=
ac_cv_env_READELF_value=
ac_cv_env_STRIP_FOR_TARGET_set=
ac_cv_env_STRIP_FOR_TARGET_value=
ac_cv_env_STRIP_set=
ac_cv_env_STRIP_value=
ac_cv_env_WINDMC_FOR_TARGET_set=
ac_cv_env_WINDMC_FOR_TARGET_value=
ac_cv_env_WINDMC_set=
ac_cv_env_WINDMC_value=
ac_cv_env_WINDRES_FOR_TARGET_set=
ac_cv_env_WINDRES_FOR_TARGET_value=
ac_cv_env_WINDRES_set=
ac_cv_env_WINDRES_value=
ac_cv_env_build_alias_set=
ac_cv_env_build_alias_value=
ac_cv_env_build_configargs_set=
ac_cv_env_build_configargs_value=
ac_cv_env_host_alias_set=
ac_cv_env_host_alias_value=
ac_cv_env_host_configargs_set=
ac_cv_env_host_configargs_value=
ac_cv_env_target_alias_set=set
ac_cv_env_target_alias_value=i386-elf
ac_cv_env_target_configargs_set=
ac_cv_env_target_configargs_value=
ac_cv_host=x86_64-unknown-linux-gnu
ac_cv_objext=o
ac_cv_path_SED=/bin/sed
ac_cv_path_install='/usr/bin/install -c'
ac_cv_prog_AR=ar
ac_cv_prog_AR_FOR_TARGET=i386-elf-ar
ac_cv_prog_AS=as
ac_cv_prog_AS_FOR_TARGET=i386-elf-as
ac_cv_prog_AWK=mawk
ac_cv_prog_CC_FOR_TARGET=i386-elf-gcc
ac_cv_prog_CXX_FOR_TARGET=i386-elf-c++
ac_cv_prog_GCC_FOR_TARGET=i386-elf-gcc
ac_cv_prog_LD=ld
ac_cv_prog_LD_FOR_TARGET=i386-elf-ld
ac_cv_prog_M4=m4
ac_cv_prog_MAKEINFO=makeinfo
ac_cv_prog_NM=nm
ac_cv_prog_NM_FOR_TARGET=i386-elf-nm
ac_cv_prog_OBJCOPY=objcopy
ac_cv_prog_OBJCOPY_FOR_TARGET=i386-elf-objcopy
ac_cv_prog_OBJDUMP=objdump
ac_cv_prog_OBJDUMP_FOR_TARGET=i386-elf-objdump
ac_cv_prog_RANLIB=ranlib
ac_cv_prog_RANLIB_FOR_TARGET=i386-elf-ranlib
ac_cv_prog_READELF=readelf
ac_cv_prog_READELF_FOR_TARGET=i386-elf-readelf
ac_cv_prog_STRIP=strip
ac_cv_prog_STRIP_FOR_TARGET=i386-elf-strip
ac_cv_prog_ac_ct_CC=gcc
ac_cv_prog_ac_ct_CXX=g++
ac_cv_prog_cc_c89=
ac_cv_prog_cc_g=yes
ac_cv_prog_cxx_g=yes
ac_cv_target=i386-pc-elf
acx_cv_cc_gcc_supports_ada=no
acx_cv_prog_LN=ln
gcc_cv_isl=no
gcc_cv_prog_cmp_skip='cmp --ignore-initial=16 $$f1 $$f2'
gcc_cv_tool_dirs=
gcc_cv_tool_prefix=/home/cs301/pintos/toolchain/x86_64
lt_cv_objdir=.libs

## ----------------- ##
## Output variables. ##
## ----------------- ##

AR='ar'
AR_FOR_BUILD='$(AR)'
AR_FOR_TARGET='i386-elf-ar'
AS='as'
AS_FOR_BUILD='$(AS)'
AS_FOR_TARGET='i386-elf-as'
AWK='mawk'
BISON='/home/cs301/pintos/toolchain/src/gdb-7.9.1/missing bison'
BUILD_CONFIG=''
CC='gcc'
CC_FOR_BUILD='$(CC)'
CC_FOR_TARGET='i386-elf-gcc'
CFLAGS='-g -O2'
CFLAGS_FOR_BUILD='-g -O2'
CFLAGS_FOR_TARGET='-g -O2'
COMPILER_AS_FOR_TARGET='$(AS_FOR_TARGET)'
COMPILER_LD_FOR_TARGET='$(LD_FOR_TARGET)'
COMPILER_NM_FOR_TARGET='$(NM_FOR_TARGET)'
CONFIGURE_GDB_TK=''
CPPFLAGS=''
CXX='g++'
CXXFLAGS='-g -O2'
CXXFLAGS_FOR_BUILD='-g -O2'
CXXFLAGS_FOR_TARGET='-g -O2'
CXX_FOR_BUILD='$(CXX)'
CXX_FOR_TARGET='i386-elf-c++'
DEBUG_PREFIX_CFLAGS_FOR_TARGET=''
DEFS='-DPACKAGE_NAME=\"\" -DPACKAGE_TARNAME=\"\" -DPACKAGE_VERSION=\"\" -DPACKAGE_STRING=\"\" -DPACKAGE_BUGREPORT=\"\" -DPACKAGE_URL=\"\" -DLT_OBJDIR=\".libs/\"'
DLLTOOL='dlltool'
DLLTOOL_FOR_BUILD='$(DLLTOOL)'
DLLTOOL_FOR_TARGET='i386-elf-dlltool'
ECHO_C=''
ECHO_N='-n'
ECHO_T=''
EXEEXT=''
EXPECT='expect'
EXTRA_CONFIGARGS_LIBJAVA='--disable-static'
FLAGS_FOR_TARGET=''
FLEX='/home/cs301/pintos/toolchain/src/gdb-7.9.1/missing flex'
GCC_FOR_TARGET='i386-elf-gcc'
GCC_SHLIB_SUBDIR=''
GCJ_FOR_BUILD='$(GCJ)'
GCJ_FOR_TARGET='i386-elf-gcj'
GDB_TK=''
GFORTRAN_FOR_BUILD='$(GFORTRAN)'
GFORTRAN_FOR_TARGET='i386-elf-gfortran'
GNATBIND='no'
GNATMAKE='no'
GOC_FOR_BUILD='$(GOC)'
GOC_FOR_TARGET='i386-elf-gccgo'
INSTALL_DATA='${INSTALL} -m 644'
INSTALL_GDB_TK=''
INSTALL_PROGRAM='${INSTALL}'
INSTALL_SCRIPT='${INSTALL}'
LD='ld'
LDFLAGS=''
LDFLAGS_FOR_BUILD=''
LDFLAGS_FOR_TARGET=''
LD_FOR_BUILD='$(LD)'
LD_FOR_TARGET='i386-elf-ld'
LEX='/home/cs301/pintos/toolchain/src/gdb-7.9.1/missing flex'
LIBOBJS=''
LIBS=''
LIPO='lipo'
LIPO_FOR_TARGET='i386-elf-lipo'
LN='ln'
LN_S='ln -s'
LTLIBOBJS=''
M4='m4'
MAINT='#'
MAINTAINER_MODE_FALSE=''
MAINTAINER_MODE_TRUE='#'
MAKEINFO='makeinfo'
NM='nm'
NM_FOR_BUILD='$(NM)'
NM_FOR_TARGET='i386-elf-nm'
OBJCOPY='objcopy'
OBJCOPY_FOR_TARGET='i386-elf-objcopy'
OBJDUMP='objdump'
OBJDUMP_FOR_TARGET='i386-elf-objdump'
OBJEXT='o'
PACKAGE_BUGREPORT=''
PACKAGE_NAME=''
PACKAGE_STRING=''
PACKAGE_TARNAME=''
PACKAGE_URL=''
PACKAGE_VERSION=''
PATH_SEPARATOR=':'
RANLIB='ranlib'
RANLIB_FOR_BUILD='$(RANLIB)'
RANLIB_FOR_TARGET='i386-elf-ranlib'
RAW_CXX_FOR_TARGET='i386-elf-c++'
READELF='readelf'
READELF_FOR_TARGET='i386-elf-readelf'
RPATH_ENVVAR='LD_LIBRARY_PATH'
RUNTEST='runtest'
SED='/bin/sed'
SHELL='/bin/bash'
STRIP='strip'
STRIP_FOR_TARGET='i386-elf-strip'
SYSROOT_CFLAGS_FOR_TARGET=''
TOPLEVEL_CONFIGURE_ARGUMENTS='../../src/gdb-7.9.1/configure --prefix=/home/cs301/pintos/toolchain/x86_64 --target=i386-elf --disable-werror'
WINDMC='windmc'
WINDMC_FOR_BUILD='$(WINDMC)'
WINDMC_FOR_TARGET='i386-elf-windmc'
WINDRES='windres'
WINDRES_FOR_BUILD='$(WINDRES)'
WINDRES_FOR_TARGET='i386-elf-windres'
YACC='/home/cs301/pintos/toolchain/src/gdb-7.9.1/missing bison -y'
ac_ct_CC='gcc'
ac_ct_CXX='g++'
bindir='${exec_prefix}/bin'
build='x86_64-unknown-linux-gnu'
build_alias=''
build_configargs=' --cache-file=../config.cache '\''--prefix=/home/cs301/pintos/toolchain/x86_64'\'' '\''--disable-werror'\'' --program-transform-name='\''s&^&i386-elf-&'\'' --disable-option-checking'
build_configdirs=' libiberty'
build_cpu='x86_64'
build_libsubdir='build-x86_64-unknown-linux-gnu'
build_noncanonical='x86_64-unknown-linux-gnu'
build_os='linux-gnu'
build_subdir='build-x86_64-unknown-linux-gnu'
build_tooldir='${exec_prefix}/i386-elf'
build_vendor='unknown'
clooginc=''
clooglibs=''
compare_exclusions='gcc/cc*-checksum$(objext) | gcc/ada/*tools/*'
configdirs=' intl libiberty opcodes bfd readline libdecnumber sim gdb etc'
datadir='${datarootdir}'
datarootdir='${prefix}/share'
do_compare='cmp --ignore-initial=16 $$f1 $$f2'
docdir='${datarootdir}/doc/${PACKAGE}'
dvidir='${docdir}'
exec_prefix='${prefix}'
extra_host_libiberty_configure_flags=''
extra_isl_gmp_configure_flags=''
extra_mpc_gmp_configure_flags=''
extra_mpc_mpfr_configure_flags=''
extra_mpfr_configure_flags=''
gmpinc=''
gmplibs='-lmpc -lmpfr -lgmp'
host='x86_64-unknown-linux-gnu'
host_alias=''
host_configargs=' --cache-file=./config.cache  --with-system-zlib '\''--prefix=/home/cs301/pintos/toolchain/x86_64'\'' '\''--disable-werror'\'' --program-transform-name='\''s&^&i386-elf-&'\'' --disable-option-checking'
host_cpu='x86_64'
host_noncanonical='x86_64-unknown-linux-gnu'
host_os='linux-gnu'
host_shared='no'
host_subdir='.'
host_vendor='unknown'
htmldir='${docdir}'
includedir='${prefix}/include'
infodir='${datarootdir}/info'
islinc=''
libdir='${exec_prefix}/lib'
libexecdir='${exec_prefix}/libexec'
localedir='${datarootdir}/locale'
localstatedir='${prefix}/var'
mandir='${datarootdir}/man'
oldincludedir='/usr/include'
pdfdir='${docdir}'
poststage1_ldflags='-static-libstdc++ -static-libgcc'
poststage1_libs=''
prefix='/home/cs301/pintos/toolchain/x86_64'
program_transform_name='s&^&i386-elf-&'
psdir='${docdir}'
sbindir='${exec_prefix}/sbin'
sharedstatedir='${prefix}/com'
stage1_cflags='-g'
stage1_checking='--enable-checking=yes,types'
stage1_languages=',c,'
stage1_ldflags='-static-libstdc++ -static-libgcc'
stage1_libs=''
stage2_werror_flag=''
sysconfdir='${prefix}/etc'
target='i386-pc-elf'
target_alias='i386-elf'
target_configargs='--cache-file=./config.cache --enable-multilib --with-cross-host=x86_64-unknown-linux-gnu   '\''--prefix=/home/cs301/pintos/toolchain/x86_64'\'' '\''--disable-werror'\'' --program-transform-name='\''s&^&i386-elf-&'\'' --disable-option-checking'
target_configdirs=''
target_cpu='i386'
target_noncanonical='i386-elf'
target_os='elf'
target_subdir='i386-elf'
target_vendor='pc'
tooldir='${exec_prefix}/i386-elf'

## ------------------- ##
## File substitutions. ##
## ------------------- ##

alphaieee_frag='/dev/null'
host_makefile_frag='/dev/null'
ospace_frag='/dev/null'
serialization_dependencies='serdep.tmp'
target_makefile_frag='/dev/null'

## ----------- ##
## confdefs.h. ##
## ----------- ##

/* confdefs.h */
#define PACKAGE_NAME ""
#define PACKAGE_TARNAME ""
#define PACKAGE_VERSION ""
#define PACKAGE_STRING ""
#define PACKAGE_BUGREPORT ""
#define PACKAGE_URL ""
#define LT_OBJDIR ".libs/"

configure: exit 0
